2024-04-27 23:49:30,029 - __main__ - INFO - X_train shape: (75580, 60, 21, 2)
2024-04-27 23:49:30,030 - __main__ - INFO - y_train shape: (75580, 250)
2024-04-27 23:49:30,030 - __main__ - INFO - X_test shape: (18896, 60, 21, 2)
2024-04-27 23:49:30,030 - __main__ - INFO - y_test shape: (18896, 250)
2024-04-28 00:08:25,455 - __main__ - INFO - X_train shape: (75580, 60, 21, 2)
2024-04-28 00:08:25,455 - __main__ - INFO - y_train shape: (75580, 250)
2024-04-28 00:08:25,455 - __main__ - INFO - X_test shape: (18896, 60, 21, 2)
2024-04-28 00:08:25,455 - __main__ - INFO - y_test shape: (18896, 250)
2024-04-28 00:08:44,834 - __main__ - INFO - Epoch 1 Loss 4.941961534542113 Accuracy 0.03906344622373581
2024-04-28 00:09:01,983 - __main__ - INFO - Epoch 2 Loss 4.355571170059126 Accuracy 0.09649812430143356
2024-04-28 00:10:28,214 - __main__ - INFO - X_train shape: (75580, 60, 21, 2)
2024-04-28 00:10:28,214 - __main__ - INFO - y_train shape: (75580, 250)
2024-04-28 00:10:28,214 - __main__ - INFO - X_test shape: (18896, 60, 21, 2)
2024-04-28 00:10:28,214 - __main__ - INFO - y_test shape: (18896, 250)
2024-04-28 00:10:47,592 - __main__ - INFO - Epoch 1 Loss 4.96670360306781 Accuracy 0.03801635652780533
2024-04-28 00:11:04,747 - __main__ - INFO - Epoch 2 Loss 4.372534191679087 Accuracy 0.09398436546325684
2024-04-28 00:12:26,366 - __main__ - INFO - X_train shape: (75580, 60, 21, 2)
2024-04-28 00:12:26,367 - __main__ - INFO - y_train shape: (75580, 250)
2024-04-28 00:12:26,367 - __main__ - INFO - X_test shape: (18896, 60, 21, 2)
2024-04-28 00:12:26,367 - __main__ - INFO - y_test shape: (18896, 250)
2024-04-28 00:12:45,822 - __main__ - INFO - Epoch 1 Loss 4.998709649175632 Accuracy 0.033888500183820724
2024-04-28 00:13:03,022 - __main__ - INFO - Epoch 2 Loss 4.417753330738639 Accuracy 0.08917798101902008
2024-04-28 00:13:03,330 - __main__ - INFO - Test Loss 4.282034873962402 Accuracy 0.10965283215045929
2024-04-28 00:13:51,364 - __main__ - INFO - X_train shape: (75580, 60, 21, 2)
2024-04-28 00:13:51,365 - __main__ - INFO - y_train shape: (75580, 250)
2024-04-28 00:13:51,365 - __main__ - INFO - X_test shape: (18896, 60, 21, 2)
2024-04-28 00:13:51,365 - __main__ - INFO - y_test shape: (18896, 250)
2024-04-28 00:14:10,726 - __main__ - INFO - Epoch 1 Loss 4.544509075739745 Accuracy 0.07580213248729706
2024-04-28 00:14:27,845 - __main__ - INFO - Epoch 2 Loss 3.467638096498494 Accuracy 0.22310276329517365
2024-04-28 00:14:44,880 - __main__ - INFO - Epoch 3 Loss 2.946110410018052 Accuracy 0.31877872347831726
2024-04-28 00:15:01,941 - __main__ - INFO - Epoch 4 Loss 2.6008111621039487 Accuracy 0.38908082246780396
2024-04-28 00:15:18,983 - __main__ - INFO - Epoch 5 Loss 2.3341038882177227 Accuracy 0.4446783661842346
2024-04-28 00:15:36,043 - __main__ - INFO - Epoch 6 Loss 2.1391831958425134 Accuracy 0.486278235912323
2024-04-28 00:15:53,102 - __main__ - INFO - Epoch 7 Loss 2.0000360295946167 Accuracy 0.5155815482139587
2024-04-28 00:16:10,142 - __main__ - INFO - Epoch 8 Loss 1.826036398209928 Accuracy 0.5575783252716064
2024-04-28 00:16:27,181 - __main__ - INFO - Epoch 9 Loss 1.6919087181143797 Accuracy 0.5890116095542908
2024-04-28 00:16:44,223 - __main__ - INFO - Epoch 10 Loss 1.58110776788395 Accuracy 0.6145423650741577
2024-04-28 00:16:44,531 - __main__ - INFO - Test Loss 2.3281280994415283 Accuracy 0.4765029549598694
2024-04-28 00:17:20,919 - __main__ - INFO - X_train shape: (75580, 60, 21, 2)
2024-04-28 00:17:20,920 - __main__ - INFO - y_train shape: (75580, 250)
2024-04-28 00:17:20,920 - __main__ - INFO - X_test shape: (18896, 60, 21, 2)
2024-04-28 00:17:20,920 - __main__ - INFO - y_test shape: (18896, 250)
2024-04-28 00:17:40,408 - __main__ - INFO - Epoch 1 Loss 4.4605242546890675 Accuracy 0.08520132303237915
2024-04-28 00:17:57,640 - __main__ - INFO - Epoch 2 Loss 3.4021097420636726 Accuracy 0.23673376441001892
2024-04-28 00:18:14,791 - __main__ - INFO - Epoch 3 Loss 2.8855880828452856 Accuracy 0.3317822217941284
2024-04-28 00:18:31,933 - __main__ - INFO - Epoch 4 Loss 2.5453078465175065 Accuracy 0.40123194456100464
2024-04-28 00:18:49,086 - __main__ - INFO - Epoch 5 Loss 2.2908901620173636 Accuracy 0.4550471603870392
2024-04-28 00:19:06,221 - __main__ - INFO - Epoch 6 Loss 2.095366952961325 Accuracy 0.4968436360359192
2024-04-28 00:19:23,361 - __main__ - INFO - Epoch 7 Loss 1.9312967310559437 Accuracy 0.5339660048484802
2024-04-28 00:19:40,509 - __main__ - INFO - Epoch 8 Loss 1.7832657690021974 Accuracy 0.5666864514350891
2024-04-28 00:19:57,654 - __main__ - INFO - Epoch 9 Loss 1.6589168691211187 Accuracy 0.5967759490013123
2024-04-28 00:20:14,803 - __main__ - INFO - Epoch 10 Loss 1.5316457825883982 Accuracy 0.6262965798377991
2024-04-28 00:20:31,953 - __main__ - INFO - Epoch 11 Loss 1.4287506203899738 Accuracy 0.6493173241615295
2024-04-28 00:20:49,119 - __main__ - INFO - Epoch 12 Loss 1.3342841715756157 Accuracy 0.6742148399353027
2024-04-28 00:21:06,270 - __main__ - INFO - Epoch 13 Loss 1.2546891290489441 Accuracy 0.6928734183311462
2024-04-28 00:21:23,442 - __main__ - INFO - Epoch 14 Loss 1.1799743332214825 Accuracy 0.7112559676170349
2024-04-28 00:21:40,584 - __main__ - INFO - Epoch 15 Loss 1.1209131734008813 Accuracy 0.7266446948051453
2024-04-28 00:21:57,749 - __main__ - INFO - Epoch 16 Loss 1.0511833431733855 Accuracy 0.7432865500450134
2024-04-28 00:22:14,902 - __main__ - INFO - Epoch 17 Loss 0.9973059898584602 Accuracy 0.7568381428718567
2024-04-28 00:22:32,057 - __main__ - INFO - Epoch 18 Loss 0.9613036648713361 Accuracy 0.7632737755775452
2024-04-28 00:22:49,239 - __main__ - INFO - Epoch 19 Loss 0.9163835322725682 Accuracy 0.7742133736610413
2024-04-28 00:23:06,443 - __main__ - INFO - Epoch 20 Loss 0.8690482021311801 Accuracy 0.7885947227478027
2024-04-28 00:23:06,751 - __main__ - INFO - Test Loss 2.6731717586517334 Accuracy 0.4757620692253113
2024-04-28 00:26:28,023 - __main__ - INFO - X_train shape: (75580, 60, 21, 2)
2024-04-28 00:26:28,023 - __main__ - INFO - y_train shape: (75580, 250)
2024-04-28 00:26:28,023 - __main__ - INFO - X_test shape: (18896, 60, 21, 2)
2024-04-28 00:26:28,023 - __main__ - INFO - y_test shape: (18896, 250)
2024-04-28 00:26:47,488 - __main__ - INFO - Epoch 1 Loss 4.624630000407569 Accuracy 0.07849922776222229
2024-04-28 00:27:04,703 - __main__ - INFO - Epoch 2 Loss 3.598784965544207 Accuracy 0.22564110159873962
2024-04-28 00:27:21,850 - __main__ - INFO - Epoch 3 Loss 3.0809468392796884 Accuracy 0.32639560103416443
2024-04-28 00:27:38,974 - __main__ - INFO - Epoch 4 Loss 2.765331676508995 Accuracy 0.39369630813598633
2024-04-28 00:27:56,114 - __main__ - INFO - Epoch 5 Loss 2.5261958602825327 Accuracy 0.44785556197166443
2024-04-28 00:28:13,256 - __main__ - INFO - Epoch 6 Loss 2.340124099058786 Accuracy 0.49203726649284363
2024-04-28 00:28:30,405 - __main__ - INFO - Epoch 7 Loss 2.1929503809487185 Accuracy 0.5281975865364075
2024-04-28 00:28:47,554 - __main__ - INFO - Epoch 8 Loss 2.067583172327376 Accuracy 0.560938835144043
2024-04-28 00:29:04,717 - __main__ - INFO - Epoch 9 Loss 1.9509373100807261 Accuracy 0.5911965370178223
2024-04-28 00:29:21,859 - __main__ - INFO - Epoch 10 Loss 1.844903042163009 Accuracy 0.6187722682952881
2024-04-28 00:29:38,999 - __main__ - INFO - Epoch 11 Loss 1.7809406720310021 Accuracy 0.6351268887519836
2024-04-28 00:29:56,154 - __main__ - INFO - Epoch 12 Loss 1.6809124227401868 Accuracy 0.6644187569618225
2024-04-28 00:30:13,290 - __main__ - INFO - Epoch 13 Loss 1.6155642958186018 Accuracy 0.6816313862800598
2024-04-28 00:30:30,432 - __main__ - INFO - Epoch 14 Loss 1.5552167588628822 Accuracy 0.7008966207504272
2024-04-28 00:30:47,567 - __main__ - INFO - Epoch 15 Loss 1.4940972236835988 Accuracy 0.719075083732605
2024-04-28 00:31:04,711 - __main__ - INFO - Epoch 16 Loss 1.4408678791716782 Accuracy 0.7330859303474426
2024-04-28 00:31:21,859 - __main__ - INFO - Epoch 17 Loss 1.3919941389035815 Accuracy 0.7466508150100708
2024-04-28 00:31:38,999 - __main__ - INFO - Epoch 18 Loss 1.3488491968165808 Accuracy 0.7615877985954285
2024-04-28 00:31:56,160 - __main__ - INFO - Epoch 19 Loss 1.3258296394378426 Accuracy 0.7672825455665588
2024-04-28 00:32:13,324 - __main__ - INFO - Epoch 20 Loss 1.2888230497457536 Accuracy 0.7777836322784424
2024-04-28 00:32:13,632 - __main__ - INFO - Test Loss 2.9809131622314453 Accuracy 0.48089542984962463
2024-04-28 00:35:14,192 - __main__ - INFO - X_train shape: (75580, 60, 21, 2)
2024-04-28 00:35:14,192 - __main__ - INFO - y_train shape: (75580, 250)
2024-04-28 00:35:14,192 - __main__ - INFO - X_test shape: (18896, 60, 21, 2)
2024-04-28 00:35:14,192 - __main__ - INFO - y_test shape: (18896, 250)
2024-04-28 00:35:33,528 - __main__ - INFO - Epoch 1 Loss 5.62135173545663 Accuracy 0.0036118754651397467
2024-04-28 00:35:50,650 - __main__ - INFO - Epoch 2 Loss 5.530322720094014 Accuracy 0.003598645096644759
2024-04-28 00:36:07,662 - __main__ - INFO - Epoch 3 Loss 5.530331241388022 Accuracy 0.0035854147281497717
2024-04-28 00:36:24,688 - __main__ - INFO - Epoch 4 Loss 5.530332464772094 Accuracy 0.0035854147281497717
2024-04-28 00:36:41,724 - __main__ - INFO - Epoch 5 Loss 5.5303163568818094 Accuracy 0.0035854147281497717
2024-04-28 00:36:58,779 - __main__ - INFO - Epoch 6 Loss 5.530318036511427 Accuracy 0.0035854147281497717
2024-04-28 00:37:15,852 - __main__ - INFO - Epoch 7 Loss 5.530344439400746 Accuracy 0.0035854147281497717
2024-04-28 00:37:32,891 - __main__ - INFO - Epoch 8 Loss 5.53032895693024 Accuracy 0.0035854147281497717
2024-04-28 00:38:18,451 - __main__ - INFO - X_train shape: (75580, 60, 21, 2)
2024-04-28 00:38:18,451 - __main__ - INFO - y_train shape: (75580, 250)
2024-04-28 00:38:18,452 - __main__ - INFO - X_test shape: (18896, 60, 21, 2)
2024-04-28 00:38:18,452 - __main__ - INFO - y_test shape: (18896, 250)
2024-04-28 00:38:37,908 - __main__ - INFO - Epoch 1 Loss 5.135981513523228 Accuracy 0.05761045590043068
2024-04-28 00:38:55,096 - __main__ - INFO - Epoch 2 Loss 4.596201934317832 Accuracy 0.16519935429096222
2024-04-28 00:39:12,180 - __main__ - INFO - Epoch 3 Loss 4.224990592176484 Accuracy 0.2537725269794464
2024-04-28 00:39:29,272 - __main__ - INFO - Epoch 4 Loss 3.9557123820121567 Accuracy 0.3216497004032135
2024-04-28 00:39:46,383 - __main__ - INFO - Epoch 5 Loss 3.7857302483817867 Accuracy 0.37000271677970886
2024-04-28 00:40:03,508 - __main__ - INFO - Epoch 6 Loss 3.671048675726068 Accuracy 0.40611010789871216
2024-04-28 00:40:20,619 - __main__ - INFO - Epoch 7 Loss 3.606618359773266 Accuracy 0.4319659471511841
2024-04-28 00:40:37,734 - __main__ - INFO - Epoch 8 Loss 3.525820753313948 Accuracy 0.4579238295555115
2024-04-28 00:40:54,850 - __main__ - INFO - Epoch 9 Loss 3.4728874666624208 Accuracy 0.4782266616821289
2024-04-28 00:41:11,946 - __main__ - INFO - Epoch 10 Loss 3.4365405784028753 Accuracy 0.49420320987701416
2024-04-28 00:41:29,069 - __main__ - INFO - Epoch 11 Loss 3.3998134615661533 Accuracy 0.5105067491531372
2024-04-28 00:41:46,163 - __main__ - INFO - Epoch 12 Loss 3.3624740595740854 Accuracy 0.5235896110534668
2024-04-28 00:42:03,293 - __main__ - INFO - Epoch 13 Loss 3.328398418971586 Accuracy 0.5353929996490479
2024-04-28 00:42:20,423 - __main__ - INFO - Epoch 14 Loss 3.338258485991908 Accuracy 0.5430136322975159
2024-04-28 00:42:37,525 - __main__ - INFO - Epoch 15 Loss 3.2927058669695097 Accuracy 0.5564689040184021
2024-04-28 00:42:54,641 - __main__ - INFO - Epoch 16 Loss 3.271836312315809 Accuracy 0.5648190379142761
2024-04-28 00:43:11,762 - __main__ - INFO - Epoch 17 Loss 3.261090601328366 Accuracy 0.5727950930595398
2024-04-28 00:43:28,876 - __main__ - INFO - Epoch 18 Loss 3.2400374046127034 Accuracy 0.5795141458511353
2024-04-28 00:43:46,003 - __main__ - INFO - Epoch 19 Loss 3.2262463671589785 Accuracy 0.5880269408226013
2024-04-28 00:44:03,113 - __main__ - INFO - Epoch 20 Loss 3.2141105986368244 Accuracy 0.5941147804260254
2024-04-28 00:44:03,421 - __main__ - INFO - Test Loss 3.7479910850524902 Accuracy 0.4904741644859314
