----------------------------------------------------------------
        Layer (type)               Output Shape         Param #
================================================================
            Linear-1             [-1, 32, 1024]       2,581,504
              ReLU-2             [-1, 32, 1024]               0
           Dropout-3             [-1, 32, 1024]               0
            Linear-4              [-1, 32, 512]         524,800
              ReLU-5              [-1, 32, 512]               0
           Dropout-6              [-1, 32, 512]               0
            Linear-7              [-1, 32, 250]         128,250
================================================================
Total params: 3,234,554
Trainable params: 3,234,554
Non-trainable params: 0
----------------------------------------------------------------
Input size (MB): 0.31
Forward/backward pass size (MB): 1.19
Params size (MB): 12.34
Estimated Total Size (MB): 13.83
----------------------------------------------------------------
2024-04-27 23:15:50,795 - __main__ - INFO - X_train shape: (75580, 1260, 2)
2024-04-27 23:15:50,796 - __main__ - INFO - y_train shape: (75580, 250)
2024-04-27 23:15:50,796 - __main__ - INFO - X_test shape: (18896, 1260, 2)
2024-04-27 23:15:50,796 - __main__ - INFO - y_test shape: (18896, 250)
2024-04-27 23:16:09,039 - __main__ - INFO - Epoch 1 Loss 4.752849127154144 Accuracy 0.06344502419233322
2024-04-27 23:16:09,318 - __main__ - INFO - Test Loss 4.336038589477539 Accuracy 0.10208509862422943
----------------------------------------------------------------
        Layer (type)               Output Shape         Param #
================================================================
            Linear-1             [-1, 32, 1024]       2,581,504
              ReLU-2             [-1, 32, 1024]               0
           Dropout-3             [-1, 32, 1024]               0
            Linear-4              [-1, 32, 512]         524,800
              ReLU-5              [-1, 32, 512]               0
           Dropout-6              [-1, 32, 512]               0
            Linear-7              [-1, 32, 250]         128,250
================================================================
Total params: 3,234,554
Trainable params: 3,234,554
Non-trainable params: 0
----------------------------------------------------------------
Input size (MB): 0.31
Forward/backward pass size (MB): 1.19
Params size (MB): 12.34
Estimated Total Size (MB): 13.83
----------------------------------------------------------------
2024-04-30 09:59:38,570 - __main__ - INFO - X_train shape: (75580, 1260, 2)
2024-04-30 09:59:38,584 - __main__ - INFO - y_train shape: (75580, 250)
2024-04-30 09:59:38,584 - __main__ - INFO - X_test shape: (18896, 1260, 2)
2024-04-30 09:59:38,584 - __main__ - INFO - y_test shape: (18896, 250)
2024-04-30 09:59:57,953 - __main__ - INFO - Epoch 1 Loss 4.778003952242781 Accuracy 0.06090668961405754
2024-04-30 09:59:58,243 - __main__ - INFO - Test Loss 4.3554863929748535 Accuracy 0.10425487160682678
