2024-04-30 17:40:31,060 - __main__ - INFO - Model Name: CNN
2024-04-30 17:40:31,060 - __main__ - INFO - Experiment Name: CNN_v1_20
2024-04-30 17:40:31,060 - __main__ - INFO - Epochs: 20
2024-04-30 17:40:31,060 - __main__ - INFO - Batch Size: 32
2024-04-30 17:40:31,060 - __main__ - INFO - Learning Rate: 0.001
2024-04-30 17:40:32,477 - __main__ - INFO - X_train shape: (75580, 60, 21, 2)
2024-04-30 17:40:32,477 - __main__ - INFO - y_train shape: (75580, 250)
2024-04-30 17:40:32,477 - __main__ - INFO - X_test shape: (18896, 60, 21, 2)
2024-04-30 17:40:32,477 - __main__ - INFO - y_test shape: (18896, 250)
2024-04-30 17:41:21,395 - __main__ - INFO - Test Loss 4.848702430725098 Accuracy 0.0625
2024-04-30 17:41:21,396 - __main__ - INFO - Epoch 1 Loss 5.009932041168213 Accuracy 0.0
2024-04-30 17:42:12,410 - __main__ - INFO - Test Loss 4.71435546875 Accuracy 0.09375
2024-04-30 17:42:12,411 - __main__ - INFO - Epoch 2 Loss 4.25673246383667 Accuracy 0.0714285746216774
2024-04-30 17:43:02,948 - __main__ - INFO - Test Loss 4.110251426696777 Accuracy 0.125
2024-04-30 17:43:02,948 - __main__ - INFO - Epoch 3 Loss 3.616743803024292 Accuracy 0.1785714328289032
2024-04-30 17:43:52,792 - __main__ - INFO - Test Loss 4.069456100463867 Accuracy 0.125
2024-04-30 17:43:52,793 - __main__ - INFO - Epoch 4 Loss 3.433438539505005 Accuracy 0.2142857164144516
2024-04-30 17:44:42,260 - __main__ - INFO - Test Loss 3.7106950283050537 Accuracy 0.3125
2024-04-30 17:44:42,260 - __main__ - INFO - Epoch 5 Loss 3.0186069011688232 Accuracy 0.3214285671710968
2024-04-30 17:45:31,210 - __main__ - INFO - Test Loss 2.808095932006836 Accuracy 0.40625
2024-04-30 17:45:31,210 - __main__ - INFO - Epoch 6 Loss 3.016577959060669 Accuracy 0.2857142984867096
2024-04-30 17:46:19,373 - __main__ - INFO - Test Loss 3.691312074661255 Accuracy 0.25
2024-04-30 17:46:19,374 - __main__ - INFO - Epoch 7 Loss 2.8106563091278076 Accuracy 0.3571428656578064
2024-04-30 17:47:07,394 - __main__ - INFO - Test Loss 3.3191819190979004 Accuracy 0.3125
2024-04-30 17:47:07,394 - __main__ - INFO - Epoch 8 Loss 2.5496044158935547 Accuracy 0.3571428656578064
2024-04-30 17:47:54,922 - __main__ - INFO - Test Loss 2.6042823791503906 Accuracy 0.3125
2024-04-30 17:47:54,923 - __main__ - INFO - Epoch 9 Loss 2.7878968715667725 Accuracy 0.4285714328289032
2024-04-30 17:48:41,821 - __main__ - INFO - Test Loss 3.374706983566284 Accuracy 0.28125
2024-04-30 17:48:41,822 - __main__ - INFO - Epoch 10 Loss 2.257688045501709 Accuracy 0.5357142686843872
2024-04-30 17:49:28,849 - __main__ - INFO - Test Loss 3.100900650024414 Accuracy 0.28125
2024-04-30 17:49:28,850 - __main__ - INFO - Epoch 11 Loss 2.432713747024536 Accuracy 0.3928571343421936
2024-04-30 17:50:15,356 - __main__ - INFO - Test Loss 3.8577685356140137 Accuracy 0.15625
2024-04-30 17:50:15,356 - __main__ - INFO - Epoch 12 Loss 2.3387908935546875 Accuracy 0.4642857015132904
2024-04-30 17:51:02,006 - __main__ - INFO - Test Loss 2.756439208984375 Accuracy 0.375
2024-04-30 17:51:02,007 - __main__ - INFO - Epoch 13 Loss 2.1696970462799072 Accuracy 0.5357142686843872
2024-04-30 17:51:48,766 - __main__ - INFO - Test Loss 3.136087656021118 Accuracy 0.28125
2024-04-30 17:51:48,767 - __main__ - INFO - Epoch 14 Loss 2.205087184906006 Accuracy 0.4285714328289032
2024-04-30 17:52:35,608 - __main__ - INFO - Test Loss 4.330292701721191 Accuracy 0.21875
2024-04-30 17:52:35,608 - __main__ - INFO - Epoch 15 Loss 1.8821359872817993 Accuracy 0.6071428656578064
2024-04-30 17:53:22,099 - __main__ - INFO - Test Loss 2.3095526695251465 Accuracy 0.34375
2024-04-30 17:53:22,100 - __main__ - INFO - Epoch 16 Loss 1.897348403930664 Accuracy 0.5714285969734192
2024-04-30 17:54:08,695 - __main__ - INFO - Test Loss 3.5970335006713867 Accuracy 0.25
2024-04-30 17:54:08,695 - __main__ - INFO - Epoch 17 Loss 2.228947877883911 Accuracy 0.3928571343421936
2024-04-30 17:54:55,483 - __main__ - INFO - Test Loss 2.9306342601776123 Accuracy 0.34375
2024-04-30 17:54:55,483 - __main__ - INFO - Epoch 18 Loss 2.2035470008850098 Accuracy 0.4285714328289032
2024-04-30 17:55:42,021 - __main__ - INFO - Test Loss 3.7770705223083496 Accuracy 0.25
2024-04-30 17:55:42,021 - __main__ - INFO - Epoch 19 Loss 1.9532655477523804 Accuracy 0.4642857015132904
2024-04-30 17:56:28,503 - __main__ - INFO - Test Loss 3.618459463119507 Accuracy 0.21875
2024-04-30 17:56:28,504 - __main__ - INFO - Epoch 20 Loss 1.7562484741210938 Accuracy 0.5
2024-04-30 17:56:30,458 - __main__ - INFO - Test Loss 3.508905890024253 Accuracy 0.32386844331641285
2024-04-30 17:56:30,707 - __main__ - INFO - LOSS OVER EPOCHS: [5.009932041168213, 4.25673246383667, 3.616743803024292, 3.433438539505005, 3.0186069011688232, 3.016577959060669, 2.8106563091278076, 2.5496044158935547, 2.7878968715667725, 2.257688045501709, 2.432713747024536, 2.3387908935546875, 2.1696970462799072, 2.205087184906006, 1.8821359872817993, 1.897348403930664, 2.228947877883911, 2.2035470008850098, 1.9532655477523804, 1.7562484741210938] ACCURACY OVER EPOCHS: [tensor(0.), tensor(0.0714), tensor(0.1786), tensor(0.2143), tensor(0.3214), tensor(0.2857), tensor(0.3571), tensor(0.3571), tensor(0.4286), tensor(0.5357), tensor(0.3929), tensor(0.4643), tensor(0.5357), tensor(0.4286), tensor(0.6071), tensor(0.5714), tensor(0.3929), tensor(0.4286), tensor(0.4643), tensor(0.5000)] VAL ACCURACY OVER EPOCHS: [0.0625, 0.09375, 0.125, 0.125, 0.3125, 0.40625, 0.25, 0.3125, 0.3125, 0.28125, 0.28125, 0.15625, 0.375, 0.28125, 0.21875, 0.34375, 0.25, 0.34375, 0.25, 0.21875] VAL LOSS OVER EPOCHS: [4.848702430725098, 4.71435546875, 4.110251426696777, 4.069456100463867, 3.7106950283050537, 2.808095932006836, 3.691312074661255, 3.3191819190979004, 2.6042823791503906, 3.374706983566284, 3.100900650024414, 3.8577685356140137, 2.756439208984375, 3.136087656021118, 4.330292701721191, 2.3095526695251465, 3.5970335006713867, 2.9306342601776123, 3.7770705223083496, 3.618459463119507]
