2024-04-30 21:34:44,112 - __main__ - INFO - Model Name: LSTM_BASE
2024-04-30 21:34:44,112 - __main__ - INFO - Experiment Name: LSTM_BASE_LR_0.001
2024-04-30 21:34:44,112 - __main__ - INFO - Epochs: 10
2024-04-30 21:34:44,112 - __main__ - INFO - Batch Size: 32
2024-04-30 21:34:44,112 - __main__ - INFO - Learning Rate: 0.001
2024-04-30 21:34:47,942 - __main__ - INFO - X_train shape: (75580, 60, 21, 2)
2024-04-30 21:34:47,942 - __main__ - INFO - y_train shape: (75580, 250)
2024-04-30 21:34:47,942 - __main__ - INFO - X_test shape: (18896, 60, 21, 2)
2024-04-30 21:34:47,942 - __main__ - INFO - y_test shape: (18896, 250)
2024-04-30 21:36:04,348 - __main__ - INFO - Test Loss 4.275851702690124 Accuracy 0.1375
2024-04-30 21:36:04,713 - __main__ - INFO - Epoch 1 Loss 4.750324635461263 Accuracy 0.07991676032543182
2024-04-30 21:36:59,371 - __main__ - INFO - Test Loss 4.1337148427963255 Accuracy 0.209375
2024-04-30 21:36:59,392 - __main__ - INFO - Epoch 2 Loss 4.131702486990267 Accuracy 0.15973524749279022
2024-04-30 21:37:54,131 - __main__ - INFO - Test Loss 3.7640952587127687 Accuracy 0.25625
2024-04-30 21:37:54,152 - __main__ - INFO - Epoch 3 Loss 3.8723663332904423 Accuracy 0.19676877558231354
2024-04-30 21:38:48,895 - __main__ - INFO - Test Loss 3.778244948387146 Accuracy 0.21875
2024-04-30 21:38:48,916 - __main__ - INFO - Epoch 4 Loss 3.6780276844604454 Accuracy 0.2244371473789215
2024-04-30 21:39:43,639 - __main__ - INFO - Test Loss 3.8269136428833006 Accuracy 0.203125
2024-04-30 21:39:43,662 - __main__ - INFO - Epoch 5 Loss 3.5276706099106434 Accuracy 0.24715736508369446
2024-04-30 21:40:38,397 - __main__ - INFO - Test Loss 3.7481443166732786 Accuracy 0.228125
2024-04-30 21:40:38,418 - __main__ - INFO - Epoch 6 Loss 3.403194522877854 Accuracy 0.2663261890411377
2024-04-30 21:41:33,167 - __main__ - INFO - Test Loss 3.6919312715530395 Accuracy 0.271875
2024-04-30 21:41:33,188 - __main__ - INFO - Epoch 7 Loss 3.294155864115997 Accuracy 0.2835785150527954
2024-04-30 21:42:27,927 - __main__ - INFO - Test Loss 3.767354202270508 Accuracy 0.225
2024-04-30 21:42:27,948 - __main__ - INFO - Epoch 8 Loss 3.1949112797873593 Accuracy 0.299031525850296
2024-04-30 21:43:22,750 - __main__ - INFO - Test Loss 3.9229549407958983 Accuracy 0.2125
2024-04-30 21:43:22,771 - __main__ - INFO - Epoch 9 Loss 3.102426171656083 Accuracy 0.3135962188243866
2024-04-30 21:44:17,490 - __main__ - INFO - Test Loss 3.6219945192337035 Accuracy 0.26875
2024-04-30 21:44:17,511 - __main__ - INFO - Epoch 10 Loss 3.015205605114849 Accuracy 0.3275674283504486
2024-04-30 21:44:23,081 - __main__ - INFO - Test Loss 3.7776372505323534 Accuracy 0.23471869712351945
2024-04-30 21:44:27,246 - __main__ - INFO - LOSS OVER EPOCHS: [4.750324635461263, 4.131702486990267, 3.8723663332904423, 3.6780276844604454, 3.5276706099106434, 3.403194522877854, 3.294155864115997, 3.1949112797873593, 3.102426171656083, 3.015205605114849] ACCURACY OVER EPOCHS: [tensor(0.0799, device='cuda:0'), tensor(0.1597, device='cuda:0'), tensor(0.1968, device='cuda:0'), tensor(0.2244, device='cuda:0'), tensor(0.2472, device='cuda:0'), tensor(0.2663, device='cuda:0'), tensor(0.2836, device='cuda:0'), tensor(0.2990, device='cuda:0'), tensor(0.3136, device='cuda:0'), tensor(0.3276, device='cuda:0')] VAL ACCURACY OVER EPOCHS: [0.1375, 0.209375, 0.25625, 0.21875, 0.203125, 0.228125, 0.271875, 0.225, 0.2125, 0.26875] VAL LOSS OVER EPOCHS: [4.275851702690124, 4.1337148427963255, 3.7640952587127687, 3.778244948387146, 3.8269136428833006, 3.7481443166732786, 3.6919312715530395, 3.767354202270508, 3.9229549407958983, 3.6219945192337035]
