2024-04-28 15:51:53,215 - __main__ - INFO - X_train shape: (75580, 60, 21, 2)
2024-04-28 15:51:53,221 - __main__ - INFO - y_train shape: (75580, 250)
2024-04-28 15:51:53,221 - __main__ - INFO - X_test shape: (18896, 60, 21, 2)
2024-04-28 15:51:53,221 - __main__ - INFO - y_test shape: (18896, 250)
2024-04-28 19:57:48,929 - __main__ - INFO - Model Name: LSTM
2024-04-28 19:57:48,929 - __main__ - INFO - Experiment Name: lstm_double
2024-04-28 19:57:48,930 - __main__ - INFO - Epochs: 10
2024-04-28 19:57:48,930 - __main__ - INFO - Batch Size: 32
2024-04-28 19:57:48,930 - __main__ - INFO - Learning Rate: 0.001
2024-04-28 19:57:48,930 - __main__ - INFO - LSTM Hidden Size: 256
2024-04-28 19:57:48,930 - __main__ - INFO - LSTM Number of Layers: 2
2024-04-28 19:57:48,930 - __main__ - INFO - LSTM Weight Decay: 0.001
2024-04-28 19:57:48,930 - __main__ - INFO - LSTM Dropout Probability: 0.7
2024-04-28 19:57:50,348 - __main__ - INFO - X_train shape: (75580, 60, 21, 2)
2024-04-28 19:57:50,348 - __main__ - INFO - y_train shape: (75580, 250)
2024-04-28 19:57:50,349 - __main__ - INFO - X_test shape: (18896, 60, 21, 2)
2024-04-28 19:57:50,349 - __main__ - INFO - y_test shape: (18896, 250)
2024-04-28 19:58:47,818 - __main__ - INFO - Model Name: LSTM
2024-04-28 19:58:47,818 - __main__ - INFO - Experiment Name: lstm_double
2024-04-28 19:58:47,818 - __main__ - INFO - Epochs: 1
2024-04-28 19:58:47,818 - __main__ - INFO - Batch Size: 32
2024-04-28 19:58:47,818 - __main__ - INFO - Learning Rate: 0.001
2024-04-28 19:58:47,818 - __main__ - INFO - LSTM Hidden Size: 256
2024-04-28 19:58:47,818 - __main__ - INFO - LSTM Number of Layers: 2
2024-04-28 19:58:47,818 - __main__ - INFO - LSTM Weight Decay: 0.001
2024-04-28 19:58:47,818 - __main__ - INFO - LSTM Dropout Probability: 0.7
2024-04-28 19:58:49,231 - __main__ - INFO - X_train shape: (75580, 60, 21, 2)
2024-04-28 19:58:49,231 - __main__ - INFO - y_train shape: (75580, 250)
2024-04-28 19:58:49,232 - __main__ - INFO - X_test shape: (18896, 60, 21, 2)
2024-04-28 19:58:49,232 - __main__ - INFO - y_test shape: (18896, 250)
2024-04-28 19:59:37,185 - __main__ - INFO - Model Name: LSTM
2024-04-28 19:59:37,185 - __main__ - INFO - Experiment Name: lstm_double
2024-04-28 19:59:37,185 - __main__ - INFO - Epochs: 1
2024-04-28 19:59:37,185 - __main__ - INFO - Batch Size: 32
2024-04-28 19:59:37,185 - __main__ - INFO - Learning Rate: 0.001
2024-04-28 19:59:37,186 - __main__ - INFO - LSTM Hidden Size: 256
2024-04-28 19:59:37,186 - __main__ - INFO - LSTM Number of Layers: 2
2024-04-28 19:59:37,186 - __main__ - INFO - LSTM Weight Decay: 0.001
2024-04-28 19:59:37,186 - __main__ - INFO - LSTM Dropout Probability: 0.7
2024-04-28 19:59:39,622 - __main__ - INFO - X_train shape: (75580, 60, 21, 2)
2024-04-28 19:59:39,622 - __main__ - INFO - y_train shape: (75580, 250)
2024-04-28 19:59:39,622 - __main__ - INFO - X_test shape: (18896, 60, 21, 2)
2024-04-28 19:59:39,623 - __main__ - INFO - y_test shape: (18896, 250)
2024-04-28 20:00:17,106 - __main__ - INFO - Epoch 1 Loss 5.080940902283594 Accuracy 0.03195687383413315
2024-04-28 20:00:20,391 - __main__ - INFO - Test Loss 4.613852216507578 Accuracy 0.07185913705583756
2024-04-28 20:03:14,357 - __main__ - INFO - Model Name: LSTM
2024-04-28 20:03:14,358 - __main__ - INFO - Experiment Name: lstm_double
2024-04-28 20:03:14,358 - __main__ - INFO - Epochs: 1
2024-04-28 20:03:14,358 - __main__ - INFO - Batch Size: 32
2024-04-28 20:03:14,358 - __main__ - INFO - Learning Rate: 0.001
2024-04-28 20:03:14,358 - __main__ - INFO - LSTM Hidden Size: 256
2024-04-28 20:03:14,358 - __main__ - INFO - LSTM Number of Layers: 2
2024-04-28 20:03:14,358 - __main__ - INFO - LSTM Weight Decay: 0.001
2024-04-28 20:03:14,358 - __main__ - INFO - LSTM Dropout Probability: 0.7
2024-04-28 20:03:17,888 - __main__ - INFO - X_train shape: (75580, 60, 21, 2)
2024-04-28 20:03:17,888 - __main__ - INFO - y_train shape: (75580, 250)
2024-04-28 20:03:17,888 - __main__ - INFO - X_test shape: (18896, 60, 21, 2)
2024-04-28 20:03:17,888 - __main__ - INFO - y_test shape: (18896, 250)
2024-04-28 20:04:14,663 - __main__ - INFO - Epoch 1 Loss 5.041685730193652 Accuracy 0.03428541123867035
2024-04-28 20:04:18,510 - __main__ - INFO - Test Loss 4.570553177706078 Accuracy 0.07635363790186125
2024-04-28 20:05:58,169 - __main__ - INFO - Model Name: LSTM
2024-04-28 20:05:58,170 - __main__ - INFO - Experiment Name: lstm_double
2024-04-28 20:05:58,170 - __main__ - INFO - Epochs: 1
2024-04-28 20:05:58,170 - __main__ - INFO - Batch Size: 32
2024-04-28 20:05:58,170 - __main__ - INFO - Learning Rate: 0.001
2024-04-28 20:05:58,170 - __main__ - INFO - LSTM Hidden Size: 256
2024-04-28 20:05:58,170 - __main__ - INFO - LSTM Number of Layers: 2
2024-04-28 20:05:58,170 - __main__ - INFO - LSTM Weight Decay: 0.001
2024-04-28 20:05:58,170 - __main__ - INFO - LSTM Dropout Probability: 0.7
2024-04-28 20:06:02,345 - __main__ - INFO - X_train shape: (75580, 60, 21, 2)
2024-04-28 20:06:02,345 - __main__ - INFO - y_train shape: (75580, 250)
2024-04-28 20:06:02,345 - __main__ - INFO - X_test shape: (18896, 60, 21, 2)
2024-04-28 20:06:02,345 - __main__ - INFO - y_test shape: (18896, 250)
2024-04-28 20:07:01,556 - __main__ - INFO - Epoch 1 Loss 4.995649711445769 Accuracy 0.03935261815786362
2024-04-28 20:07:05,451 - __main__ - INFO - Test Loss 4.498747255192997 Accuracy 0.08259306260575296
2024-04-28 20:09:03,966 - __main__ - INFO - Model Name: LSTM
2024-04-28 20:09:03,966 - __main__ - INFO - Experiment Name: lstm_double
2024-04-28 20:09:03,966 - __main__ - INFO - Epochs: 1
2024-04-28 20:09:03,966 - __main__ - INFO - Batch Size: 32
2024-04-28 20:09:03,966 - __main__ - INFO - Learning Rate: 0.001
2024-04-28 20:09:03,966 - __main__ - INFO - LSTM Hidden Size: 256
2024-04-28 20:09:03,966 - __main__ - INFO - LSTM Number of Layers: 2
2024-04-28 20:09:03,966 - __main__ - INFO - LSTM Weight Decay: 0.001
2024-04-28 20:09:03,966 - __main__ - INFO - LSTM Dropout Probability: 0.7
2024-04-28 20:09:07,943 - __main__ - INFO - X_train shape: (75580, 60, 21, 2)
2024-04-28 20:09:07,946 - __main__ - INFO - y_train shape: (75580, 250)
2024-04-28 20:09:07,946 - __main__ - INFO - X_test shape: (18896, 60, 21, 2)
2024-04-28 20:09:07,946 - __main__ - INFO - y_test shape: (18896, 250)
2024-04-28 20:10:05,126 - __main__ - INFO - Epoch 1 Loss 5.151090767300805 Accuracy 0.02736595645546913
2024-04-28 20:10:08,977 - __main__ - INFO - Test Loss 4.710616073834311 Accuracy 0.05726522842639594
2024-04-28 20:14:07,810 - __main__ - INFO - Model Name: LSTM
2024-04-28 20:14:07,810 - __main__ - INFO - Experiment Name: lstm_double
2024-04-28 20:14:07,810 - __main__ - INFO - Epochs: 1
2024-04-28 20:14:07,810 - __main__ - INFO - Batch Size: 32
2024-04-28 20:14:07,810 - __main__ - INFO - Learning Rate: 0.001
2024-04-28 20:14:07,810 - __main__ - INFO - LSTM Hidden Size: 256
2024-04-28 20:14:07,810 - __main__ - INFO - LSTM Number of Layers: 2
2024-04-28 20:14:07,810 - __main__ - INFO - LSTM Weight Decay: 0.001
2024-04-28 20:14:07,810 - __main__ - INFO - LSTM Dropout Probability: 0.7
2024-04-28 20:14:11,769 - __main__ - INFO - X_train shape: (75580, 60, 21, 2)
2024-04-28 20:14:11,771 - __main__ - INFO - y_train shape: (75580, 250)
2024-04-28 20:14:11,772 - __main__ - INFO - X_test shape: (18896, 60, 21, 2)
2024-04-28 20:14:11,772 - __main__ - INFO - y_test shape: (18896, 250)
2024-04-28 20:16:46,995 - __main__ - INFO - Model Name: LSTM
2024-04-28 20:16:46,996 - __main__ - INFO - Experiment Name: lstm_double
2024-04-28 20:16:46,996 - __main__ - INFO - Epochs: 1
2024-04-28 20:16:46,996 - __main__ - INFO - Batch Size: 32
2024-04-28 20:16:46,996 - __main__ - INFO - Learning Rate: 0.001
2024-04-28 20:16:46,996 - __main__ - INFO - LSTM Hidden Size: 256
2024-04-28 20:16:46,996 - __main__ - INFO - LSTM Number of Layers: 2
2024-04-28 20:16:46,996 - __main__ - INFO - LSTM Weight Decay: 0.001
2024-04-28 20:16:46,996 - __main__ - INFO - LSTM Dropout Probability: 0.7
2024-04-28 20:25:08,224 - __main__ - INFO - Model Name: LSTM
2024-04-28 20:25:08,224 - __main__ - INFO - Experiment Name: lstm_double
2024-04-28 20:25:08,225 - __main__ - INFO - Epochs: 1
2024-04-28 20:25:08,225 - __main__ - INFO - Batch Size: 32
2024-04-28 20:25:08,225 - __main__ - INFO - Learning Rate: 0.001
2024-04-28 20:25:08,225 - __main__ - INFO - LSTM Hidden Size: 256
2024-04-28 20:25:08,225 - __main__ - INFO - LSTM Number of Layers: 2
2024-04-28 20:25:08,225 - __main__ - INFO - LSTM Weight Decay: 0.001
2024-04-28 20:25:08,225 - __main__ - INFO - LSTM Dropout Probability: 0.7
2024-04-28 20:25:11,009 - __main__ - INFO - X_train shape: (75580, 60, 21, 2)
2024-04-28 20:25:11,009 - __main__ - INFO - y_train shape: (75580, 250)
2024-04-28 20:25:11,009 - __main__ - INFO - X_test shape: (18896, 60, 21, 2)
2024-04-28 20:25:11,009 - __main__ - INFO - y_test shape: (18896, 250)
2024-04-28 20:26:08,911 - __main__ - INFO - Epoch 1 Loss 5.132658513494713 Accuracy 0.028554795309901237
2024-04-28 20:26:12,377 - __main__ - INFO - Test Loss 4.73411603546788 Accuracy 0.06260575296108291
<<<<<<< HEAD
2024-04-28 21:07:34,974 - __main__ - INFO - Model Name: LSTM
2024-04-28 21:07:34,975 - __main__ - INFO - Experiment Name: lstm_double
2024-04-28 21:07:34,975 - __main__ - INFO - Epochs: 0
2024-04-28 21:07:34,975 - __main__ - INFO - Batch Size: 32
2024-04-28 21:07:34,975 - __main__ - INFO - Learning Rate: 0.001
2024-04-28 21:07:34,975 - __main__ - INFO - LSTM Hidden Size: 256
2024-04-28 21:07:34,975 - __main__ - INFO - LSTM Number of Layers: 2
2024-04-28 21:07:34,975 - __main__ - INFO - LSTM Weight Decay: 0.001
2024-04-28 21:07:34,975 - __main__ - INFO - LSTM Dropout Probability: 0.7
2024-04-28 21:07:36,453 - __main__ - INFO - X_train shape: (75580, 60, 21, 2)
2024-04-28 21:07:36,453 - __main__ - INFO - y_train shape: (75580, 250)
2024-04-28 21:07:36,453 - __main__ - INFO - X_test shape: (18896, 60, 21, 2)
2024-04-28 21:07:36,453 - __main__ - INFO - y_test shape: (18896, 250)
2024-04-28 21:07:41,597 - __main__ - INFO - Test Loss 5.6776190828752595 Accuracy 0.004388747884940778
2024-04-28 22:55:53,472 - __main__ - INFO - Model Name: LSTM
2024-04-28 22:55:53,472 - __main__ - INFO - Experiment Name: lstm_double
2024-04-28 22:55:53,472 - __main__ - INFO - Epochs: 20
2024-04-28 22:55:53,472 - __main__ - INFO - Batch Size: 32
2024-04-28 22:55:53,473 - __main__ - INFO - Learning Rate: 0.001
2024-04-28 22:55:53,474 - __main__ - INFO - LSTM Hidden Size: 256
2024-04-28 22:55:53,474 - __main__ - INFO - LSTM Number of Layers: 2
2024-04-28 22:55:53,474 - __main__ - INFO - LSTM Weight Decay: 0.001
2024-04-28 22:55:53,475 - __main__ - INFO - LSTM Dropout Probability: 0.7
2024-04-28 22:57:18,705 - __main__ - INFO - Model Name: LSTM
2024-04-28 22:57:18,706 - __main__ - INFO - Experiment Name: lstm_double
2024-04-28 22:57:18,706 - __main__ - INFO - Epochs: 20
2024-04-28 22:57:18,706 - __main__ - INFO - Batch Size: 32
2024-04-28 22:57:18,707 - __main__ - INFO - Learning Rate: 0.001
2024-04-28 22:57:18,708 - __main__ - INFO - LSTM Hidden Size: 256
2024-04-28 22:57:18,708 - __main__ - INFO - LSTM Number of Layers: 2
2024-04-28 22:57:18,709 - __main__ - INFO - LSTM Weight Decay: 0.001
2024-04-28 22:57:18,709 - __main__ - INFO - LSTM Dropout Probability: 0.5
2024-04-28 23:01:45,124 - __main__ - INFO - Model Name: LSTM
2024-04-28 23:01:45,124 - __main__ - INFO - Experiment Name: lstm_double
2024-04-28 23:01:45,124 - __main__ - INFO - Epochs: 20
2024-04-28 23:01:45,126 - __main__ - INFO - Batch Size: 32
2024-04-28 23:01:45,126 - __main__ - INFO - Learning Rate: 0.001
2024-04-28 23:01:45,128 - __main__ - INFO - LSTM Hidden Size: 256
2024-04-28 23:01:45,130 - __main__ - INFO - LSTM Number of Layers: 2
2024-04-28 23:01:45,130 - __main__ - INFO - LSTM Weight Decay: 0.001
2024-04-28 23:01:45,130 - __main__ - INFO - LSTM Dropout Probability: 0.5
2024-04-28 23:02:06,566 - __main__ - INFO - Model Name: LSTM
2024-04-28 23:02:06,566 - __main__ - INFO - Experiment Name: lstm_double
2024-04-28 23:02:06,566 - __main__ - INFO - Epochs: 20
2024-04-28 23:02:06,566 - __main__ - INFO - Batch Size: 32
2024-04-28 23:02:06,566 - __main__ - INFO - Learning Rate: 0.001
2024-04-28 23:02:06,566 - __main__ - INFO - LSTM Hidden Size: 256
2024-04-28 23:02:06,566 - __main__ - INFO - LSTM Number of Layers: 2
2024-04-28 23:02:06,567 - __main__ - INFO - LSTM Weight Decay: 0.001
2024-04-28 23:02:06,567 - __main__ - INFO - LSTM Dropout Probability: 0.5
2024-04-28 23:02:09,024 - __main__ - INFO - X_train shape: (75580, 60, 21, 2)
2024-04-28 23:02:09,024 - __main__ - INFO - y_train shape: (75580, 250)
2024-04-28 23:02:09,024 - __main__ - INFO - X_test shape: (18896, 60, 21, 2)
2024-04-28 23:02:09,024 - __main__ - INFO - y_test shape: (18896, 250)
2024-04-28 23:02:56,566 - __main__ - INFO - Model Name: LSTM
2024-04-28 23:02:56,566 - __main__ - INFO - Experiment Name: lstm_double
2024-04-28 23:02:56,566 - __main__ - INFO - Epochs: 20
2024-04-28 23:02:56,567 - __main__ - INFO - Batch Size: 32
2024-04-28 23:02:56,567 - __main__ - INFO - Learning Rate: 0.001
2024-04-28 23:02:56,568 - __main__ - INFO - LSTM Hidden Size: 256
2024-04-28 23:02:56,568 - __main__ - INFO - LSTM Number of Layers: 2
2024-04-28 23:02:56,568 - __main__ - INFO - LSTM Weight Decay: 0.001
2024-04-28 23:02:56,568 - __main__ - INFO - LSTM Dropout Probability: 0.5
2024-04-28 23:03:07,121 - __main__ - INFO - Epoch 1 Loss 5.0457970272374295 Accuracy 0.032179899513721466
2024-04-28 23:03:41,956 - __main__ - INFO - Epoch 2 Loss 4.3268330688702665 Accuracy 0.10934475064277649
2024-04-28 23:04:16,707 - __main__ - INFO - Epoch 3 Loss 3.796959608010979 Accuracy 0.1980351060628891
2024-04-28 23:04:51,853 - __main__ - INFO - Epoch 4 Loss 3.3943944860574655 Accuracy 0.27672144770622253
2024-04-28 23:05:25,706 - __main__ - INFO - Epoch 5 Loss 3.1183064188823972 Accuracy 0.33714619278907776
2024-04-28 23:06:00,341 - __main__ - INFO - Epoch 6 Loss 2.9103376196664232 Accuracy 0.3857770264148712
2024-04-28 23:06:35,079 - __main__ - INFO - Epoch 7 Loss 2.7390154266034417 Accuracy 0.4265812039375305
2024-04-28 23:07:09,780 - __main__ - INFO - Epoch 8 Loss 2.6068098463313647 Accuracy 0.4610612690448761
2024-04-28 23:07:44,226 - __main__ - INFO - Epoch 9 Loss 2.4952139895816257 Accuracy 0.48995816707611084
2024-04-28 23:08:18,733 - __main__ - INFO - Epoch 10 Loss 2.400518041157702 Accuracy 0.5177683234214783
2024-04-28 23:08:53,083 - __main__ - INFO - Epoch 11 Loss 2.312859290540471 Accuracy 0.541790783405304
2024-04-28 23:09:28,134 - __main__ - INFO - Epoch 12 Loss 2.2449340432705664 Accuracy 0.5618290305137634
=======
2024-04-30 10:14:34,783 - __main__ - INFO - Model Name: LSTM
2024-04-30 10:14:34,784 - __main__ - INFO - Experiment Name: lstm_double
2024-04-30 10:14:34,784 - __main__ - INFO - Epochs: 0
2024-04-30 10:14:34,784 - __main__ - INFO - Batch Size: 32
2024-04-30 10:14:34,784 - __main__ - INFO - Learning Rate: 0.001
2024-04-30 10:14:34,784 - __main__ - INFO - LSTM Hidden Size: 256
2024-04-30 10:14:34,784 - __main__ - INFO - LSTM Number of Layers: 2
2024-04-30 10:14:34,784 - __main__ - INFO - LSTM Weight Decay: 0.001
2024-04-30 10:14:34,784 - __main__ - INFO - LSTM Dropout Probability: 0.7
2024-04-30 10:14:36,665 - __main__ - INFO - X_train shape: (75580, 60, 21, 2)
2024-04-30 10:14:36,666 - __main__ - INFO - y_train shape: (75580, 250)
2024-04-30 10:14:36,666 - __main__ - INFO - X_test shape: (18896, 60, 21, 2)
2024-04-30 10:14:36,666 - __main__ - INFO - y_test shape: (18896, 250)
2024-04-30 10:15:06,011 - __main__ - INFO - Model Name: LSTM
2024-04-30 10:15:06,011 - __main__ - INFO - Experiment Name: lstm_double
2024-04-30 10:15:06,011 - __main__ - INFO - Epochs: 0
2024-04-30 10:15:06,011 - __main__ - INFO - Batch Size: 32
2024-04-30 10:15:06,011 - __main__ - INFO - Learning Rate: 0.001
2024-04-30 10:15:06,011 - __main__ - INFO - LSTM Hidden Size: 256
2024-04-30 10:15:06,011 - __main__ - INFO - LSTM Number of Layers: 2
2024-04-30 10:15:06,011 - __main__ - INFO - LSTM Weight Decay: 0.001
2024-04-30 10:15:06,011 - __main__ - INFO - LSTM Dropout Probability: 0.7
2024-04-30 10:15:07,780 - __main__ - INFO - X_train shape: (75580, 60, 21, 2)
2024-04-30 10:15:07,780 - __main__ - INFO - y_train shape: (75580, 250)
2024-04-30 10:15:07,780 - __main__ - INFO - X_test shape: (18896, 60, 21, 2)
2024-04-30 10:15:07,780 - __main__ - INFO - y_test shape: (18896, 250)
2024-04-30 10:15:50,772 - __main__ - INFO - Model Name: LSTM
2024-04-30 10:15:50,773 - __main__ - INFO - Experiment Name: lstm_double
2024-04-30 10:15:50,773 - __main__ - INFO - Epochs: 0
2024-04-30 10:15:50,773 - __main__ - INFO - Batch Size: 32
2024-04-30 10:15:50,773 - __main__ - INFO - Learning Rate: 0.001
2024-04-30 10:15:50,773 - __main__ - INFO - LSTM Hidden Size: 256
2024-04-30 10:15:50,773 - __main__ - INFO - LSTM Number of Layers: 2
2024-04-30 10:15:50,773 - __main__ - INFO - LSTM Weight Decay: 0.001
2024-04-30 10:15:50,773 - __main__ - INFO - LSTM Dropout Probability: 0.7
2024-04-30 10:15:52,412 - __main__ - INFO - X_train shape: (75580, 60, 21, 2)
2024-04-30 10:15:52,414 - __main__ - INFO - y_train shape: (75580, 250)
2024-04-30 10:15:52,414 - __main__ - INFO - X_test shape: (18896, 60, 21, 2)
2024-04-30 10:15:52,414 - __main__ - INFO - y_test shape: (18896, 250)
2024-04-30 10:16:08,961 - __main__ - INFO - Model Name: LSTM
2024-04-30 10:16:08,961 - __main__ - INFO - Experiment Name: lstm_double
2024-04-30 10:16:08,961 - __main__ - INFO - Epochs: 0
2024-04-30 10:16:08,961 - __main__ - INFO - Batch Size: 32
2024-04-30 10:16:08,961 - __main__ - INFO - Learning Rate: 0.001
2024-04-30 10:16:08,961 - __main__ - INFO - LSTM Hidden Size: 256
2024-04-30 10:16:08,961 - __main__ - INFO - LSTM Number of Layers: 2
2024-04-30 10:16:08,961 - __main__ - INFO - LSTM Weight Decay: 0.001
2024-04-30 10:16:08,961 - __main__ - INFO - LSTM Dropout Probability: 0.7
2024-04-30 10:16:10,662 - __main__ - INFO - X_train shape: (75580, 60, 21, 2)
2024-04-30 10:16:10,664 - __main__ - INFO - y_train shape: (75580, 250)
2024-04-30 10:16:10,664 - __main__ - INFO - X_test shape: (18896, 60, 21, 2)
2024-04-30 10:16:10,664 - __main__ - INFO - y_test shape: (18896, 250)
2024-04-30 10:16:53,906 - __main__ - INFO - Test Loss 5.678055094381678 Accuracy 0.0035427241962774957
2024-04-30 10:16:54,129 - __main__ - INFO - LOSS OVER EPOCHS: [] ACCURACY OVER EPOCHS: []
2024-04-30 10:17:33,714 - __main__ - INFO - Model Name: LSTM
2024-04-30 10:17:33,714 - __main__ - INFO - Experiment Name: lstm_double
2024-04-30 10:17:33,714 - __main__ - INFO - Epochs: 0
2024-04-30 10:17:33,714 - __main__ - INFO - Batch Size: 32
2024-04-30 10:17:33,714 - __main__ - INFO - Learning Rate: 0.001
2024-04-30 10:17:33,714 - __main__ - INFO - LSTM Hidden Size: 256
2024-04-30 10:17:33,714 - __main__ - INFO - LSTM Number of Layers: 2
2024-04-30 10:17:33,714 - __main__ - INFO - LSTM Weight Decay: 0.001
2024-04-30 10:17:33,714 - __main__ - INFO - LSTM Dropout Probability: 0.7
2024-04-30 10:17:35,508 - __main__ - INFO - X_train shape: (75580, 60, 21, 2)
2024-04-30 10:17:35,508 - __main__ - INFO - y_train shape: (75580, 250)
2024-04-30 10:17:35,508 - __main__ - INFO - X_test shape: (18896, 60, 21, 2)
2024-04-30 10:17:35,508 - __main__ - INFO - y_test shape: (18896, 250)
2024-04-30 10:18:21,333 - __main__ - INFO - Test Loss 5.6783688467771265 Accuracy 0.0034369712351945856
2024-04-30 10:18:21,519 - __main__ - INFO - LOSS OVER EPOCHS: [] ACCURACY OVER EPOCHS: []
2024-04-30 10:20:26,879 - __main__ - INFO - Model Name: LSTM
2024-04-30 10:20:26,880 - __main__ - INFO - Experiment Name: lstm_double
2024-04-30 10:20:26,880 - __main__ - INFO - Epochs: 2
2024-04-30 10:20:26,880 - __main__ - INFO - Batch Size: 32
2024-04-30 10:20:26,880 - __main__ - INFO - Learning Rate: 0.001
2024-04-30 10:20:26,880 - __main__ - INFO - LSTM Hidden Size: 256
2024-04-30 10:20:26,880 - __main__ - INFO - LSTM Number of Layers: 2
2024-04-30 10:20:26,880 - __main__ - INFO - LSTM Weight Decay: 0.001
2024-04-30 10:20:26,880 - __main__ - INFO - LSTM Dropout Probability: 0.7
2024-04-30 10:20:29,282 - __main__ - INFO - X_train shape: (75580, 60, 21, 2)
2024-04-30 10:20:29,283 - __main__ - INFO - y_train shape: (75580, 250)
2024-04-30 10:20:29,284 - __main__ - INFO - X_test shape: (18896, 60, 21, 2)
2024-04-30 10:20:29,284 - __main__ - INFO - y_test shape: (18896, 250)
>>>>>>> fcd85e74aa95f87b6c61fb86577ef808c912947d
