2024-04-30 21:49:08,195 - __main__ - INFO - Model Name: LSTM_BASE
2024-04-30 21:49:08,195 - __main__ - INFO - Experiment Name: LSTM_BASE_LR_0.0005
2024-04-30 21:49:08,195 - __main__ - INFO - Epochs: 10
2024-04-30 21:49:08,195 - __main__ - INFO - Batch Size: 32
2024-04-30 21:49:08,195 - __main__ - INFO - Learning Rate: 0.0005
2024-04-30 21:49:09,606 - __main__ - INFO - X_train shape: (75580, 60, 21, 2)
2024-04-30 21:49:09,606 - __main__ - INFO - y_train shape: (75580, 250)
2024-04-30 21:49:09,606 - __main__ - INFO - X_test shape: (18896, 60, 21, 2)
2024-04-30 21:49:09,606 - __main__ - INFO - y_test shape: (18896, 250)
2024-04-30 21:50:05,818 - __main__ - INFO - Test Loss 4.469476795196533 Accuracy 0.13125
2024-04-30 21:50:05,852 - __main__ - INFO - Epoch 1 Loss 4.894445375705755 Accuracy 0.06432956457138062
2024-04-30 21:51:00,545 - __main__ - INFO - Test Loss 4.104382109642029 Accuracy 0.15625
2024-04-30 21:51:00,566 - __main__ - INFO - Epoch 2 Loss 4.216065576074489 Accuracy 0.14715510606765747
2024-04-30 21:51:55,286 - __main__ - INFO - Test Loss 4.210539436340332 Accuracy 0.16875
2024-04-30 21:51:55,307 - __main__ - INFO - Epoch 3 Loss 3.9469150897307883 Accuracy 0.18650205433368683
2024-04-30 21:52:50,023 - __main__ - INFO - Test Loss 3.785749363899231 Accuracy 0.2
2024-04-30 21:52:50,044 - __main__ - INFO - Epoch 4 Loss 3.7348149861449613 Accuracy 0.21639122068881989
2024-04-30 21:53:44,769 - __main__ - INFO - Test Loss 3.6192404985427857 Accuracy 0.24375
2024-04-30 21:53:44,790 - __main__ - INFO - Epoch 5 Loss 3.558541459213567 Accuracy 0.2419956624507904
2024-04-30 21:54:39,530 - __main__ - INFO - Test Loss 3.818497967720032 Accuracy 0.215625
2024-04-30 21:54:39,551 - __main__ - INFO - Epoch 6 Loss 3.4000968733245696 Accuracy 0.26582345366477966
2024-04-30 21:55:34,317 - __main__ - INFO - Test Loss 3.8487072467803953 Accuracy 0.209375
2024-04-30 21:55:34,338 - __main__ - INFO - Epoch 7 Loss 3.255022239473086 Accuracy 0.28648731112480164
2024-04-30 21:56:29,109 - __main__ - INFO - Test Loss 3.7229249715805053 Accuracy 0.24375
2024-04-30 21:56:29,130 - __main__ - INFO - Epoch 8 Loss 3.1160520195052546 Accuracy 0.30793365836143494
2024-04-30 21:57:23,925 - __main__ - INFO - Test Loss 3.669013500213623 Accuracy 0.215625
2024-04-30 21:57:23,947 - __main__ - INFO - Epoch 9 Loss 2.978547194668239 Accuracy 0.3290889263153076
2024-04-30 21:58:18,803 - __main__ - INFO - Test Loss 3.8471671104431153 Accuracy 0.23125
2024-04-30 21:58:18,824 - __main__ - INFO - Epoch 10 Loss 2.8417599791192485 Accuracy 0.35401859879493713
2024-04-30 21:58:24,381 - __main__ - INFO - Test Loss 3.862118676229177 Accuracy 0.23175761421319796
2024-04-30 21:58:24,723 - __main__ - INFO - LOSS OVER EPOCHS: [4.894445375705755, 4.216065576074489, 3.9469150897307883, 3.7348149861449613, 3.558541459213567, 3.4000968733245696, 3.255022239473086, 3.1160520195052546, 2.978547194668239, 2.8417599791192485] ACCURACY OVER EPOCHS: [tensor(0.0643, device='cuda:0'), tensor(0.1472, device='cuda:0'), tensor(0.1865, device='cuda:0'), tensor(0.2164, device='cuda:0'), tensor(0.2420, device='cuda:0'), tensor(0.2658, device='cuda:0'), tensor(0.2865, device='cuda:0'), tensor(0.3079, device='cuda:0'), tensor(0.3291, device='cuda:0'), tensor(0.3540, device='cuda:0')] VAL ACCURACY OVER EPOCHS: [0.13125, 0.15625, 0.16875, 0.2, 0.24375, 0.215625, 0.209375, 0.24375, 0.215625, 0.23125] VAL LOSS OVER EPOCHS: [4.469476795196533, 4.104382109642029, 4.210539436340332, 3.785749363899231, 3.6192404985427857, 3.818497967720032, 3.8487072467803953, 3.7229249715805053, 3.669013500213623, 3.8471671104431153]
