2024-04-30 21:27:01,255 - __main__ - INFO - Model Name: LSTM_BASE
2024-04-30 21:27:01,256 - __main__ - INFO - Experiment Name: LSTM_BASE_LR_0.0001
2024-04-30 21:27:01,256 - __main__ - INFO - Epochs: 10
2024-04-30 21:27:01,256 - __main__ - INFO - Batch Size: 32
2024-04-30 21:27:01,256 - __main__ - INFO - Learning Rate: 0.0001
2024-04-30 21:27:05,134 - __main__ - INFO - X_train shape: (75580, 60, 21, 2)
2024-04-30 21:27:05,135 - __main__ - INFO - y_train shape: (75580, 250)
2024-04-30 21:27:05,135 - __main__ - INFO - X_test shape: (18896, 60, 21, 2)
2024-04-30 21:27:05,135 - __main__ - INFO - y_test shape: (18896, 250)
2024-04-30 21:28:20,703 - __main__ - INFO - Test Loss 5.090241193771362 Accuracy 0.046875
2024-04-30 21:28:21,042 - __main__ - INFO - Epoch 1 Loss 5.305431414619529 Accuracy 0.0202045775949955
2024-04-30 21:29:16,677 - __main__ - INFO - Test Loss 4.767615127563476 Accuracy 0.078125
2024-04-30 21:29:16,700 - __main__ - INFO - Epoch 2 Loss 4.907395515474195 Accuracy 0.05750461295247078
2024-04-30 21:30:12,353 - __main__ - INFO - Test Loss 4.594492483139038 Accuracy 0.10625
2024-04-30 21:30:12,376 - __main__ - INFO - Epoch 3 Loss 4.586360095316429 Accuracy 0.09338521957397461
2024-04-30 21:31:08,122 - __main__ - INFO - Test Loss 4.365426063537598 Accuracy 0.1375
2024-04-30 21:31:08,146 - __main__ - INFO - Epoch 4 Loss 4.390608414364103 Accuracy 0.11725647747516632
2024-04-30 21:32:03,967 - __main__ - INFO - Test Loss 4.290548944473267 Accuracy 0.128125
2024-04-30 21:32:03,990 - __main__ - INFO - Epoch 5 Loss 4.218211382047087 Accuracy 0.14205197989940643
2024-04-30 21:32:59,756 - __main__ - INFO - Test Loss 4.304446125030518 Accuracy 0.1625
2024-04-30 21:32:59,779 - __main__ - INFO - Epoch 6 Loss 4.0669224682144955 Accuracy 0.16351532936096191
2024-04-30 21:33:55,529 - __main__ - INFO - Test Loss 4.044357061386108 Accuracy 0.171875
2024-04-30 21:33:55,552 - __main__ - INFO - Epoch 7 Loss 3.9383658517931197 Accuracy 0.1822362244129181
2024-04-30 21:34:51,297 - __main__ - INFO - Test Loss 4.12163987159729 Accuracy 0.140625
2024-04-30 21:34:51,320 - __main__ - INFO - Epoch 8 Loss 3.8286734525678927 Accuracy 0.19878923892974854
2024-04-30 21:35:47,099 - __main__ - INFO - Test Loss 4.1376821279525755 Accuracy 0.16875
2024-04-30 21:35:47,122 - __main__ - INFO - Epoch 9 Loss 3.7315306124497427 Accuracy 0.2129570096731186
2024-04-30 21:36:42,978 - __main__ - INFO - Test Loss 4.139141488075256 Accuracy 0.209375
2024-04-30 21:36:43,000 - __main__ - INFO - Epoch 10 Loss 3.642418452383198 Accuracy 0.22557872533798218
2024-04-30 21:36:48,655 - __main__ - INFO - Test Loss 4.005647557237628 Accuracy 0.18591370558375633
2024-04-30 21:36:52,668 - __main__ - INFO - LOSS OVER EPOCHS: [5.305431414619529, 4.907395515474195, 4.586360095316429, 4.390608414364103, 4.218211382047087, 4.0669224682144955, 3.9383658517931197, 3.8286734525678927, 3.7315306124497427, 3.642418452383198] ACCURACY OVER EPOCHS: [tensor(0.0202, device='cuda:0'), tensor(0.0575, device='cuda:0'), tensor(0.0934, device='cuda:0'), tensor(0.1173, device='cuda:0'), tensor(0.1421, device='cuda:0'), tensor(0.1635, device='cuda:0'), tensor(0.1822, device='cuda:0'), tensor(0.1988, device='cuda:0'), tensor(0.2130, device='cuda:0'), tensor(0.2256, device='cuda:0')] VAL ACCURACY OVER EPOCHS: [0.046875, 0.078125, 0.10625, 0.1375, 0.128125, 0.1625, 0.171875, 0.140625, 0.16875, 0.209375] VAL LOSS OVER EPOCHS: [5.090241193771362, 4.767615127563476, 4.594492483139038, 4.365426063537598, 4.290548944473267, 4.304446125030518, 4.044357061386108, 4.12163987159729, 4.1376821279525755, 4.139141488075256]
