2024-04-30 22:21:14,087 - __main__ - INFO - Model Name: LSTM_BASE
2024-04-30 22:21:14,087 - __main__ - INFO - Experiment Name: LSTM_BASE_LR_0.00075
2024-04-30 22:21:14,087 - __main__ - INFO - Epochs: 10
2024-04-30 22:21:14,087 - __main__ - INFO - Batch Size: 32
2024-04-30 22:21:14,087 - __main__ - INFO - Learning Rate: 0.00075
2024-04-30 22:21:16,620 - __main__ - INFO - X_train shape: (75580, 60, 21, 2)
2024-04-30 22:21:16,620 - __main__ - INFO - y_train shape: (75580, 250)
2024-04-30 22:21:16,620 - __main__ - INFO - X_test shape: (18896, 60, 21, 2)
2024-04-30 22:21:16,620 - __main__ - INFO - y_test shape: (18896, 250)
2024-04-30 22:31:05,841 - __main__ - INFO - Model Name: LSTM_BASE
2024-04-30 22:31:05,841 - __main__ - INFO - Experiment Name: LSTM_BASE_LR_0.00075
2024-04-30 22:31:05,841 - __main__ - INFO - Epochs: 10
2024-04-30 22:31:05,842 - __main__ - INFO - Batch Size: 32
2024-04-30 22:31:05,842 - __main__ - INFO - Learning Rate: 0.00075
2024-04-30 22:31:07,226 - __main__ - INFO - X_train shape: (75580, 60, 21, 2)
2024-04-30 22:31:07,227 - __main__ - INFO - y_train shape: (75580, 250)
2024-04-30 22:31:07,227 - __main__ - INFO - X_test shape: (18896, 60, 21, 2)
2024-04-30 22:31:07,227 - __main__ - INFO - y_test shape: (18896, 250)
2024-04-30 22:32:04,679 - __main__ - INFO - Test Loss 4.357402896881103 Accuracy 0.1125
2024-04-30 22:32:04,715 - __main__ - INFO - Epoch 1 Loss 4.806819081003639 Accuracy 0.07281019538640976
2024-04-30 22:33:00,378 - __main__ - INFO - Test Loss 4.053388333320617 Accuracy 0.171875
2024-04-30 22:33:00,400 - __main__ - INFO - Epoch 2 Loss 4.178440847404926 Accuracy 0.15149275958538055
2024-04-30 22:33:56,665 - __main__ - INFO - Test Loss 3.9900773048400877 Accuracy 0.184375
2024-04-30 22:33:56,688 - __main__ - INFO - Epoch 3 Loss 3.91504806719222 Accuracy 0.19032561779022217
2024-04-30 22:34:54,716 - __main__ - INFO - Test Loss 3.804587888717651 Accuracy 0.21875
2024-04-30 22:34:54,739 - __main__ - INFO - Epoch 4 Loss 3.7001834614210267 Accuracy 0.22216340899467468
2024-04-30 22:35:53,232 - __main__ - INFO - Test Loss 3.738997960090637 Accuracy 0.2375
2024-04-30 22:35:53,255 - __main__ - INFO - Epoch 5 Loss 3.5234892276461904 Accuracy 0.24846528470516205
2024-04-30 22:36:52,008 - __main__ - INFO - Test Loss 3.581827092170715 Accuracy 0.21875
2024-04-30 22:36:52,030 - __main__ - INFO - Epoch 6 Loss 3.3765718688609536 Accuracy 0.269435316324234
2024-04-30 22:37:50,842 - __main__ - INFO - Test Loss 3.6130563735961916 Accuracy 0.234375
2024-04-30 22:37:50,865 - __main__ - INFO - Epoch 7 Loss 3.2457764616061024 Accuracy 0.2901407778263092
2024-04-30 22:38:49,818 - __main__ - INFO - Test Loss 3.8001033782958986 Accuracy 0.2375
2024-04-30 22:38:49,841 - __main__ - INFO - Epoch 8 Loss 3.1242145509360504 Accuracy 0.30859705805778503
2024-04-30 22:39:48,738 - __main__ - INFO - Test Loss 3.7144084215164184 Accuracy 0.2625
2024-04-30 22:39:48,761 - __main__ - INFO - Epoch 9 Loss 3.0073072825519844 Accuracy 0.32781124114990234
2024-04-30 22:40:47,706 - __main__ - INFO - Test Loss 3.883537220954895 Accuracy 0.25
2024-04-30 22:40:47,729 - __main__ - INFO - Epoch 10 Loss 2.8936975006831087 Accuracy 0.3478268086910248
2024-04-30 22:40:53,481 - __main__ - INFO - Test Loss 3.8039431277467113 Accuracy 0.24000634517766498
2024-04-30 22:40:54,302 - __main__ - INFO - LOSS OVER EPOCHS: [4.806819081003639, 4.178440847404926, 3.91504806719222, 3.7001834614210267, 3.5234892276461904, 3.3765718688609536, 3.2457764616061024, 3.1242145509360504, 3.0073072825519844, 2.8936975006831087] ACCURACY OVER EPOCHS: [tensor(0.0728, device='cuda:0'), tensor(0.1515, device='cuda:0'), tensor(0.1903, device='cuda:0'), tensor(0.2222, device='cuda:0'), tensor(0.2485, device='cuda:0'), tensor(0.2694, device='cuda:0'), tensor(0.2901, device='cuda:0'), tensor(0.3086, device='cuda:0'), tensor(0.3278, device='cuda:0'), tensor(0.3478, device='cuda:0')] VAL ACCURACY OVER EPOCHS: [0.1125, 0.171875, 0.184375, 0.21875, 0.2375, 0.21875, 0.234375, 0.2375, 0.2625, 0.25] VAL LOSS OVER EPOCHS: [4.357402896881103, 4.053388333320617, 3.9900773048400877, 3.804587888717651, 3.738997960090637, 3.581827092170715, 3.6130563735961916, 3.8001033782958986, 3.7144084215164184, 3.883537220954895]
