2024-04-30 21:29:25,819 - __main__ - INFO - Model Name: LSTM_BASE
2024-04-30 21:29:25,819 - __main__ - INFO - Experiment Name: LSTM_BASE_LR_0.01
2024-04-30 21:29:25,819 - __main__ - INFO - Epochs: 10
2024-04-30 21:29:25,819 - __main__ - INFO - Batch Size: 32
2024-04-30 21:29:25,819 - __main__ - INFO - Learning Rate: 0.01
2024-04-30 21:29:27,202 - __main__ - INFO - X_train shape: (75580, 60, 21, 2)
2024-04-30 21:29:27,202 - __main__ - INFO - y_train shape: (75580, 250)
2024-04-30 21:29:27,202 - __main__ - INFO - X_test shape: (18896, 60, 21, 2)
2024-04-30 21:29:27,202 - __main__ - INFO - y_test shape: (18896, 250)
2024-04-30 21:30:24,599 - __main__ - INFO - Test Loss 4.306454920768738 Accuracy 0.1
2024-04-30 21:30:24,636 - __main__ - INFO - Epoch 1 Loss 4.736690931558407 Accuracy 0.0787789523601532
2024-04-30 21:31:20,295 - __main__ - INFO - Test Loss 4.058521008491516 Accuracy 0.18125
2024-04-30 21:31:20,318 - __main__ - INFO - Epoch 2 Loss 4.230862606692173 Accuracy 0.14510251581668854
2024-04-30 21:32:16,694 - __main__ - INFO - Test Loss 4.081453394889832 Accuracy 0.171875
2024-04-30 21:32:16,717 - __main__ - INFO - Epoch 3 Loss 4.095382016861873 Accuracy 0.16343027353286743
2024-04-30 21:33:14,986 - __main__ - INFO - Test Loss 4.144849967956543 Accuracy 0.15625
2024-04-30 21:33:15,009 - __main__ - INFO - Epoch 4 Loss 4.0345249268889525 Accuracy 0.17200163006782532
2024-04-30 21:34:13,891 - __main__ - INFO - Test Loss 5.327377843856811 Accuracy 0.021875
2024-04-30 21:34:13,914 - __main__ - INFO - Epoch 5 Loss 4.396905354076679 Accuracy 0.1309555172920227
2024-04-30 21:35:12,961 - __main__ - INFO - Test Loss 4.131275916099549 Accuracy 0.153125
2024-04-30 21:35:12,985 - __main__ - INFO - Epoch 6 Loss 4.787450231403541 Accuracy 0.07450367510318756
2024-04-30 21:36:12,009 - __main__ - INFO - Test Loss 4.003547787666321 Accuracy 0.2
2024-04-30 21:36:12,032 - __main__ - INFO - Epoch 7 Loss 4.094320837569176 Accuracy 0.16508029401302338
2024-04-30 21:37:11,377 - __main__ - INFO - Test Loss 4.083127856254578 Accuracy 0.165625
2024-04-30 21:37:11,400 - __main__ - INFO - Epoch 8 Loss 4.0008455092981645 Accuracy 0.17928963899612427
2024-04-30 21:38:10,829 - __main__ - INFO - Test Loss 3.8376073122024534 Accuracy 0.215625
2024-04-30 21:38:10,851 - __main__ - INFO - Epoch 9 Loss 3.9579823840784885 Accuracy 0.18560050427913666
2024-04-30 21:39:10,108 - __main__ - INFO - Test Loss 4.053277540206909 Accuracy 0.159375
2024-04-30 21:39:10,131 - __main__ - INFO - Epoch 10 Loss 3.936005079069953 Accuracy 0.18877577781677246
2024-04-30 21:39:15,898 - __main__ - INFO - Test Loss 4.012988807384536 Accuracy 0.17681895093062605
2024-04-30 21:39:16,307 - __main__ - INFO - LOSS OVER EPOCHS: [4.736690931558407, 4.230862606692173, 4.095382016861873, 4.0345249268889525, 4.396905354076679, 4.787450231403541, 4.094320837569176, 4.0008455092981645, 3.9579823840784885, 3.936005079069953] ACCURACY OVER EPOCHS: [tensor(0.0788, device='cuda:0'), tensor(0.1451, device='cuda:0'), tensor(0.1634, device='cuda:0'), tensor(0.1720, device='cuda:0'), tensor(0.1310, device='cuda:0'), tensor(0.0745, device='cuda:0'), tensor(0.1651, device='cuda:0'), tensor(0.1793, device='cuda:0'), tensor(0.1856, device='cuda:0'), tensor(0.1888, device='cuda:0')] VAL ACCURACY OVER EPOCHS: [0.1, 0.18125, 0.171875, 0.15625, 0.021875, 0.153125, 0.2, 0.165625, 0.215625, 0.159375] VAL LOSS OVER EPOCHS: [4.306454920768738, 4.058521008491516, 4.081453394889832, 4.144849967956543, 5.327377843856811, 4.131275916099549, 4.003547787666321, 4.083127856254578, 3.8376073122024534, 4.053277540206909]
