2024-04-30 20:55:45,220 - __main__ - INFO - Model Name: LSTM
2024-04-30 20:55:45,220 - __main__ - INFO - Experiment Name: LSTM_Reg_Dropout_LR_0.0005
2024-04-30 20:55:45,220 - __main__ - INFO - Epochs: 10
2024-04-30 20:55:45,220 - __main__ - INFO - Batch Size: 32
2024-04-30 20:55:45,220 - __main__ - INFO - Learning Rate: 0.0005
2024-04-30 20:55:45,220 - __main__ - INFO - LSTM Hidden Size: 256
2024-04-30 20:55:45,220 - __main__ - INFO - LSTM Number of Layers: 2
2024-04-30 20:55:45,220 - __main__ - INFO - LSTM Weight Decay: 0.001
2024-04-30 20:55:45,220 - __main__ - INFO - LSTM Dropout Probability: 0.5
2024-04-30 20:55:49,159 - __main__ - INFO - X_train shape: (75580, 60, 21, 2)
2024-04-30 20:55:49,159 - __main__ - INFO - y_train shape: (75580, 250)
2024-04-30 20:55:49,159 - __main__ - INFO - X_test shape: (18896, 60, 21, 2)
2024-04-30 20:55:49,159 - __main__ - INFO - y_test shape: (18896, 250)
2024-04-30 20:56:39,856 - __main__ - INFO - Test Loss 4.76439905166626 Accuracy 0.0625
2024-04-30 20:56:39,887 - __main__ - INFO - Epoch 1 Loss 5.093319606417625 Accuracy 0.026768704876303673
2024-04-30 20:57:09,585 - __main__ - INFO - Test Loss 4.023080348968506 Accuracy 0.15625
2024-04-30 20:57:09,610 - __main__ - INFO - Epoch 2 Loss 4.272702704739712 Accuracy 0.10508270561695099
2024-04-30 20:57:39,288 - __main__ - INFO - Test Loss 3.232470989227295 Accuracy 0.28125
2024-04-30 20:57:39,311 - __main__ - INFO - Epoch 3 Loss 3.7457991800098274 Accuracy 0.19024056196212769
2024-04-30 20:58:08,967 - __main__ - INFO - Test Loss 3.3492870330810547 Accuracy 0.21875
2024-04-30 20:58:08,989 - __main__ - INFO - Epoch 4 Loss 3.347633948475501 Accuracy 0.2641129791736603
2024-04-30 20:58:38,635 - __main__ - INFO - Test Loss 3.7999918460845947 Accuracy 0.15625
2024-04-30 20:58:38,658 - __main__ - INFO - Epoch 5 Loss 3.0871665371766444 Accuracy 0.31476426124572754
2024-04-30 20:59:08,344 - __main__ - INFO - Test Loss 2.7955563068389893 Accuracy 0.375
2024-04-30 20:59:08,367 - __main__ - INFO - Epoch 6 Loss 2.882216582502176 Accuracy 0.3555722236633301
2024-04-30 20:59:38,019 - __main__ - INFO - Test Loss 2.583312749862671 Accuracy 0.5
2024-04-30 20:59:38,042 - __main__ - INFO - Epoch 7 Loss 2.708417743822965 Accuracy 0.3942349851131439
2024-04-30 21:00:07,689 - __main__ - INFO - Test Loss 2.7202959060668945 Accuracy 0.40625
2024-04-30 21:00:07,711 - __main__ - INFO - Epoch 8 Loss 2.5770462050869947 Accuracy 0.42569854855537415
2024-04-30 21:00:37,324 - __main__ - INFO - Test Loss 2.517270088195801 Accuracy 0.4375
2024-04-30 21:00:37,347 - __main__ - INFO - Epoch 9 Loss 2.446777965132207 Accuracy 0.45518699288368225
2024-04-30 21:01:07,006 - __main__ - INFO - Test Loss 3.048015832901001 Accuracy 0.46875
2024-04-30 21:01:07,028 - __main__ - INFO - Epoch 10 Loss 2.347779594923257 Accuracy 0.476926326751709
2024-04-30 21:01:10,302 - __main__ - INFO - Test Loss 2.5794393390971795 Accuracy 0.43771150592216584
2024-04-30 21:01:13,595 - __main__ - INFO - LOSS OVER EPOCHS: [5.093319606417625, 4.272702704739712, 3.7457991800098274, 3.347633948475501, 3.0871665371766444, 2.882216582502176, 2.708417743822965, 2.5770462050869947, 2.446777965132207, 2.347779594923257] ACCURACY OVER EPOCHS: [tensor(0.0268, device='cuda:0'), tensor(0.1051, device='cuda:0'), tensor(0.1902, device='cuda:0'), tensor(0.2641, device='cuda:0'), tensor(0.3148, device='cuda:0'), tensor(0.3556, device='cuda:0'), tensor(0.3942, device='cuda:0'), tensor(0.4257, device='cuda:0'), tensor(0.4552, device='cuda:0'), tensor(0.4769, device='cuda:0')] VAL ACCURACY OVER EPOCHS: [0.0625, 0.15625, 0.28125, 0.21875, 0.15625, 0.375, 0.5, 0.40625, 0.4375, 0.46875] VAL LOSS OVER EPOCHS: [4.76439905166626, 4.023080348968506, 3.232470989227295, 3.3492870330810547, 3.7999918460845947, 2.7955563068389893, 2.583312749862671, 2.7202959060668945, 2.517270088195801, 3.048015832901001]
2024-04-30 21:07:35,267 - __main__ - INFO - Model Name: LSTM
2024-04-30 21:07:35,267 - __main__ - INFO - Experiment Name: LSTM_Reg_Dropout_LR_0.0005
2024-04-30 21:07:35,267 - __main__ - INFO - Epochs: 10
2024-04-30 21:07:35,267 - __main__ - INFO - Batch Size: 32
2024-04-30 21:07:35,267 - __main__ - INFO - Learning Rate: 0.0005
2024-04-30 21:07:35,267 - __main__ - INFO - LSTM Hidden Size: 256
2024-04-30 21:07:35,267 - __main__ - INFO - LSTM Number of Layers: 2
2024-04-30 21:07:35,267 - __main__ - INFO - LSTM Weight Decay: 0.0001
2024-04-30 21:07:35,267 - __main__ - INFO - LSTM Dropout Probability: 0.5
2024-04-30 21:07:36,699 - __main__ - INFO - X_train shape: (75580, 60, 21, 2)
2024-04-30 21:07:36,699 - __main__ - INFO - y_train shape: (75580, 250)
2024-04-30 21:07:36,699 - __main__ - INFO - X_test shape: (18896, 60, 21, 2)
2024-04-30 21:07:36,699 - __main__ - INFO - y_test shape: (18896, 250)
2024-04-30 21:08:08,687 - __main__ - INFO - Test Loss 4.379000639915466 Accuracy 0.1
2024-04-30 21:08:08,709 - __main__ - INFO - Epoch 1 Loss 4.90081450547534 Accuracy 0.032882995903491974
2024-04-30 21:08:38,295 - __main__ - INFO - Test Loss 3.9380447387695314 Accuracy 0.184375
2024-04-30 21:08:38,319 - __main__ - INFO - Epoch 2 Loss 4.153642357455584 Accuracy 0.10824853181838989
2024-04-30 21:09:07,945 - __main__ - INFO - Test Loss 3.5908072233200072 Accuracy 0.18125
2024-04-30 21:09:07,967 - __main__ - INFO - Epoch 3 Loss 3.6280503516273916 Accuracy 0.18921615183353424
2024-04-30 21:09:37,544 - __main__ - INFO - Test Loss 3.256778907775879 Accuracy 0.24375
2024-04-30 21:09:37,566 - __main__ - INFO - Epoch 4 Loss 3.229865769528414 Accuracy 0.25971105694770813
2024-04-30 21:10:07,153 - __main__ - INFO - Test Loss 2.883941674232483 Accuracy 0.353125
2024-04-30 21:10:07,176 - __main__ - INFO - Epoch 5 Loss 2.9383807508345887 Accuracy 0.31194809079170227
2024-04-30 21:10:36,773 - __main__ - INFO - Test Loss 2.722217321395874 Accuracy 0.35625
2024-04-30 21:10:36,795 - __main__ - INFO - Epoch 6 Loss 2.7063502052090715 Accuracy 0.35947516560554504
2024-04-30 21:11:06,428 - __main__ - INFO - Test Loss 2.401938486099243 Accuracy 0.440625
2024-04-30 21:11:06,451 - __main__ - INFO - Epoch 7 Loss 2.5229645102938587 Accuracy 0.3992832899093628
2024-04-30 21:11:36,058 - __main__ - INFO - Test Loss 2.4702593803405763 Accuracy 0.4375
2024-04-30 21:11:36,081 - __main__ - INFO - Epoch 8 Loss 2.3678573881742007 Accuracy 0.4326217770576477
2024-04-30 21:12:05,713 - __main__ - INFO - Test Loss 2.3623588562011717 Accuracy 0.45625
2024-04-30 21:12:05,736 - __main__ - INFO - Epoch 9 Loss 2.2353549931737753 Accuracy 0.4612370729446411
2024-04-30 21:12:35,335 - __main__ - INFO - Test Loss 2.4264063477516173 Accuracy 0.45
2024-04-30 21:12:35,357 - __main__ - INFO - Epoch 10 Loss 2.1291220198739493 Accuracy 0.4858283996582031
2024-04-30 21:12:38,394 - __main__ - INFO - Test Loss 2.3679104379792704 Accuracy 0.4436336717428088
2024-04-30 21:12:38,769 - __main__ - INFO - LOSS OVER EPOCHS: [4.90081450547534, 4.153642357455584, 3.6280503516273916, 3.229865769528414, 2.9383807508345887, 2.7063502052090715, 2.5229645102938587, 2.3678573881742007, 2.2353549931737753, 2.1291220198739493] ACCURACY OVER EPOCHS: [tensor(0.0329, device='cuda:0'), tensor(0.1082, device='cuda:0'), tensor(0.1892, device='cuda:0'), tensor(0.2597, device='cuda:0'), tensor(0.3119, device='cuda:0'), tensor(0.3595, device='cuda:0'), tensor(0.3993, device='cuda:0'), tensor(0.4326, device='cuda:0'), tensor(0.4612, device='cuda:0'), tensor(0.4858, device='cuda:0')] VAL ACCURACY OVER EPOCHS: [0.1, 0.184375, 0.18125, 0.24375, 0.353125, 0.35625, 0.440625, 0.4375, 0.45625, 0.45] VAL LOSS OVER EPOCHS: [4.379000639915466, 3.9380447387695314, 3.5908072233200072, 3.256778907775879, 2.883941674232483, 2.722217321395874, 2.401938486099243, 2.4702593803405763, 2.3623588562011717, 2.4264063477516173]
