2024-04-30 16:23:17,467 - __main__ - INFO - Model Name: LSTM
2024-04-30 16:23:17,467 - __main__ - INFO - Experiment Name: lstm_new
2024-04-30 16:23:17,467 - __main__ - INFO - Epochs: 20
2024-04-30 16:23:17,467 - __main__ - INFO - Batch Size: 32
2024-04-30 16:23:17,467 - __main__ - INFO - Learning Rate: 0.001
2024-04-30 16:23:17,467 - __main__ - INFO - LSTM Hidden Size: 256
2024-04-30 16:23:17,467 - __main__ - INFO - LSTM Number of Layers: 2
2024-04-30 16:23:17,467 - __main__ - INFO - LSTM Weight Decay: 0.001
2024-04-30 16:23:17,468 - __main__ - INFO - LSTM Dropout Probability: 0.5
2024-04-30 16:23:21,077 - __main__ - INFO - X_train shape: (75580, 60, 21, 2)
2024-04-30 16:23:21,078 - __main__ - INFO - y_train shape: (75580, 250)
2024-04-30 16:23:21,078 - __main__ - INFO - X_test shape: (18896, 60, 21, 2)
2024-04-30 16:23:21,078 - __main__ - INFO - y_test shape: (18896, 250)
2024-04-30 16:24:29,994 - __main__ - INFO - Epoch 1 Loss 5.156425063030685 Accuracy 0.027275236323475838
2024-04-30 16:25:13,059 - __main__ - INFO - Epoch 2 Loss 4.297077360544843 Accuracy 0.11401316523551941
2024-04-30 16:25:55,982 - __main__ - INFO - Epoch 3 Loss 3.7479078052005557 Accuracy 0.20619630813598633
2024-04-30 16:26:38,748 - __main__ - INFO - Epoch 4 Loss 3.357439226765031 Accuracy 0.2842211425304413
2024-04-30 16:27:23,037 - __main__ - INFO - Epoch 5 Loss 3.0665468257630306 Accuracy 0.3460615277290344
2024-04-30 16:28:05,762 - __main__ - INFO - Epoch 6 Loss 2.8550751208754335 Accuracy 0.39995235204696655
2024-04-30 16:28:48,458 - __main__ - INFO - Epoch 7 Loss 2.697340671487222 Accuracy 0.4371919333934784
2024-04-30 16:29:31,117 - __main__ - INFO - Epoch 8 Loss 2.5533404478978343 Accuracy 0.4727720022201538
2024-04-30 16:30:13,728 - __main__ - INFO - Epoch 9 Loss 2.443284960291731 Accuracy 0.5038764476776123
2024-04-30 16:30:56,300 - __main__ - INFO - Epoch 10 Loss 2.3567514555318994 Accuracy 0.5273980498313904
2024-04-30 16:31:38,880 - __main__ - INFO - Epoch 11 Loss 2.2774409239419326 Accuracy 0.5508195161819458
2024-04-30 16:32:21,460 - __main__ - INFO - Epoch 12 Loss 2.2044708145865943 Accuracy 0.5714341998100281
2024-04-30 16:33:04,015 - __main__ - INFO - Epoch 13 Loss 2.144760910986239 Accuracy 0.5888925790786743
2024-04-30 16:33:46,491 - __main__ - INFO - Epoch 14 Loss 2.0860655546491174 Accuracy 0.6061884164810181
2024-04-30 16:34:29,000 - __main__ - INFO - Epoch 15 Loss 2.051826263362326 Accuracy 0.6179501414299011
2024-04-30 16:35:11,511 - __main__ - INFO - Epoch 16 Loss 1.989818975291547 Accuracy 0.6378523111343384
2024-04-30 16:35:54,053 - __main__ - INFO - Epoch 17 Loss 1.9496171174162429 Accuracy 0.6491075158119202
2024-04-30 16:36:36,572 - __main__ - INFO - Epoch 18 Loss 1.9234420811594997 Accuracy 0.6593137383460999
2024-04-30 16:37:19,085 - __main__ - INFO - Epoch 19 Loss 1.880580597691976 Accuracy 0.6727141737937927
2024-04-30 16:38:01,585 - __main__ - INFO - Epoch 20 Loss 1.858153998170436 Accuracy 0.6798660755157471
2024-04-30 16:38:06,080 - __main__ - INFO - Test Loss 2.883398774715043 Accuracy 0.49455372250423013
